<?xml version="1.0" encoding="utf-8"?><testsuites name="pytest tests"><testsuite name="pytest" errors="0" failures="0" skipped="0" tests="8" time="0.075" timestamp="2026-06-20T15:46:38.271489+08:00" hostname="1NT.local"><testcase classname="tests.test_asset_governance" name="test_governed_public_asset_passes" time="0.000" /><testcase classname="tests.test_asset_governance" name="test_unknown_rights_privacy_and_hash_fail_closed" time="0.000" /><testcase classname="tests.test_asset_governance" name="test_sensitive_asset_requires_approval_and_consent_basis" time="0.000" /><testcase classname="tests.test_asset_registry" name="test_asset_registry_loads_only_governed_assets" time="0.006" /><testcase classname="tests.test_asset_registry" name="test_asset_registry_rejects_duplicate_ids_and_unknown_fields" time="0.004" /><testcase classname="tests.test_asset_registry" name="test_asset_registry_keeps_invalid_governance_as_blocker" time="0.002" /><testcase classname="tests.test_asset_registry" name="test_asset_registry_verifies_bound_local_file" time="0.002" /><testcase classname="tests.test_asset_registry" name="test_asset_registry_blocks_local_hash_mismatch_and_requires_binding" time="0.005" /></testsuite></testsuites>