<?xml version="1.0" encoding="utf-8"?><testsuites name="pytest tests"><testsuite name="pytest" errors="0" failures="0" skipped="0" tests="23" time="1.760" timestamp="2026-06-20T15:46:47.387359+08:00" hostname="1NT.local"><testcase classname="tests.test_capabilities" name="test_pipeline_completion_does_not_imply_evidence_complete" time="0.000" /><testcase classname="tests.test_capabilities" name="test_capability_advances_only_through_contiguous_levels" time="0.001" /><testcase classname="tests.test_capabilities" name="test_submission_ready_cannot_bypass_lower_capabilities" time="0.000" /><testcase classname="tests.test_capabilities" name="test_unsupported_capability_requires_a_blocker" time="0.000" /><testcase classname="tests.test_capabilities" name="test_readme_documents_all_levels_and_no_completion_shortcut" time="0.001" /><testcase classname="tests.test_cli" name="test_cli_init_writes_config" time="0.006" /><testcase classname="tests.test_cli" name="test_cli_run_auto_approve_completes" time="0.420" /><testcase classname="tests.test_cli" name="test_cli_status_reports_missing_run" time="0.004" /><testcase classname="tests.test_cli" name="test_cli_completion_audit_writes_report_and_fails_when_incomplete" time="0.203" /><testcase classname="tests.test_cli" name="test_cli_recover_rejects_nonrecoverable_run" time="0.354" /><testcase classname="tests.test_cli" name="test_cli_capabilities_reports_verified_contract_without_integration_upgrade" time="0.049" /><testcase classname="tests.test_cli" name="test_cli_reference_bundle_rejects_default_synthetic_run" time="0.251" /><testcase classname="tests.test_alignment_spec" name="test_config_parses_alignment_surface_and_valid_threshold_waiver" time="0.002" /><testcase classname="tests.test_alignment_spec" name="test_config_rejects_waiver_for_unwaivable_invariant[citation_integrity]" time="0.001" /><testcase classname="tests.test_alignment_spec" name="test_config_rejects_waiver_for_unwaivable_invariant[immutable_evaluation]" time="0.002" /><testcase classname="tests.test_alignment_spec" name="test_config_rejects_waiver_for_unwaivable_invariant[protocol_parity]" time="0.001" /><testcase classname="tests.test_alignment_spec" name="test_config_rejects_waiver_for_unwaivable_invariant[artifact_provenance]" time="0.001" /><testcase classname="tests.test_alignment_spec" name="test_config_rejects_unknown_threshold_waiver" time="0.001" /><testcase classname="tests.test_alignment_spec" name="test_quality_report_keeps_unwaivable_invariants_blocking" time="0.005" /><testcase classname="tests.test_alignment_spec" name="test_runner_writes_alignment_and_structured_evidence_artifacts" time="0.227" /><testcase classname="tests.test_alignment_spec" name="test_runner_rejects_profile_without_compatible_skill" time="0.015" /><testcase classname="tests.test_alignment_spec" name="test_runner_rejects_incompatible_profile_and_venue" time="0.038" /><testcase classname="tests.test_alignment_spec" name="test_runner_rejects_unknown_venue" time="0.043" /></testsuite></testsuites>