<?xml version="1.0" encoding="utf-8"?><testsuites name="pytest tests"><testsuite name="pytest" errors="0" failures="0" skipped="0" tests="13" time="0.106" timestamp="2026-06-20T15:46:38.271722+08:00" hostname="1NT.local"><testcase classname="tests.test_evidence_graph" name="test_exportable_claim_requires_complete_content_addressed_source_path" time="0.002" /><testcase classname="tests.test_evidence_graph" name="test_evidence_graph_rejects_orphan_cycle_and_tampered_artifact" time="0.002" /><testcase classname="tests.test_evidence_graph" name="test_evidence_graph_rejects_missing_and_ambiguous_edges" time="0.000" /><testcase classname="tests.test_evidence_graph" name="test_typed_graph_covers_prose_numbers_citations_tables_and_figures" time="0.002" /><testcase classname="tests.test_evidence_graph" name="test_typed_graph_rejects_wrong_source_kind_unknown_relation_and_record_tamper" time="0.001" /><testcase classname="tests.test_paper_evidence" name="test_block_registry_covers_every_non_heading_paper_line" time="0.000" /><testcase classname="tests.test_paper_evidence" name="test_block_registry_rejects_added_removed_or_reordered_prose" time="0.000" /><testcase classname="tests.test_paper_evidence" name="test_block_registry_rejects_missing_node_link" time="0.000" /><testcase classname="tests.test_citation_verification" name="test_verify_citations_accepts_screened_keys" time="0.001" /><testcase classname="tests.test_citation_verification" name="test_verify_citations_rejects_unsupported_keys" time="0.000" /><testcase classname="tests.test_citation_verification" name="test_build_bibtex_contains_screened_paper_keys" time="0.001" /><testcase classname="tests.test_claim_verification" name="test_verify_numeric_claims_accepts_ledger_metrics" time="0.001" /><testcase classname="tests.test_claim_verification" name="test_verify_numeric_claims_rejects_fabricated_numbers" time="0.000" /></testsuite></testsuites>