<?xml version="1.0" encoding="utf-8"?><testsuites name="pytest tests"><testsuite name="pytest" errors="0" failures="0" skipped="0" tests="20" time="0.998" timestamp="2026-06-19T17:40:51.719489+08:00" hostname="1NT.local"><testcase classname="tests.experiments.test_domain_plugins" name="test_domain_plugin_accepts_complete_protocol[computer-vision]" time="0.001" /><testcase classname="tests.experiments.test_domain_plugins" name="test_domain_plugin_accepts_complete_protocol[data-management-mining]" time="0.001" /><testcase classname="tests.experiments.test_domain_plugins" name="test_domain_plugin_accepts_complete_protocol[foundation-models-llm]" time="0.001" /><testcase classname="tests.experiments.test_domain_plugins" name="test_domain_plugin_accepts_complete_protocol[ml-systems-efficiency]" time="0.002" /><testcase classname="tests.experiments.test_domain_plugins" name="test_domain_plugin_accepts_complete_protocol[natural-language-processing]" time="0.001" /><testcase classname="tests.experiments.test_domain_plugins" name="test_domain_plugin_fails_closed_when_a_domain_field_is_missing[computer-vision]" time="0.006" /><testcase classname="tests.experiments.test_domain_plugins" name="test_domain_plugin_fails_closed_when_a_domain_field_is_missing[data-management-mining]" time="0.001" /><testcase classname="tests.experiments.test_domain_plugins" name="test_domain_plugin_fails_closed_when_a_domain_field_is_missing[foundation-models-llm]" time="0.001" /><testcase classname="tests.experiments.test_domain_plugins" name="test_domain_plugin_fails_closed_when_a_domain_field_is_missing[ml-systems-efficiency]" time="0.001" /><testcase classname="tests.experiments.test_domain_plugins" name="test_domain_plugin_fails_closed_when_a_domain_field_is_missing[natural-language-processing]" time="0.001" /><testcase classname="tests.experiments.test_domain_plugins" name="test_llm_judge_requires_bias_controls" time="0.004" /><testcase classname="tests.experiments.test_domain_plugins" name="test_data_plugin_rejects_unmatched_hardware" time="0.000" /><testcase classname="tests.experiments.test_domain_plugins" name="test_unknown_plugin_is_rejected" time="0.000" /><testcase classname="tests.experiments.test_domain_plugins" name="test_domain_semantic_controls_fail_closed[foundation-models-llm-evaluator_forms-value0-insufficient_items]" time="0.001" /><testcase classname="tests.experiments.test_domain_plugins" name="test_domain_semantic_controls_fail_closed[computer-vision-duplicate_leakage_analysis-unknown-unresolved_evidence]" time="0.001" /><testcase classname="tests.experiments.test_domain_plugins" name="test_domain_semantic_controls_fail_closed[natural-language-processing-license_privacy_review-unknown-unresolved_evidence]" time="0.001" /><testcase classname="tests.experiments.test_domain_plugins" name="test_domain_semantic_controls_fail_closed[data-management-mining-concurrency-0-non_positive_value]" time="0.002" /><testcase classname="tests.experiments.test_domain_plugins" name="test_domain_semantic_controls_fail_closed[ml-systems-efficiency-matched_resource_budgets-False-required_true]" time="0.001" /><testcase classname="tests.experiments.test_domain_plugins" name="test_every_reference_fixture_is_explicitly_synthetic_and_contract_valid" time="0.023" /><testcase classname="tests.test_runner" name="test_runner_validates_configured_complete_domain_protocol" time="0.771" /></testsuite></testsuites>