<?xml version="1.0" encoding="utf-8"?><testsuites name="pytest tests"><testsuite name="pytest" errors="0" failures="0" skipped="0" tests="20" time="3.240" timestamp="2026-06-20T15:46:38.271270+08:00" hostname="1NT.local"><testcase classname="tests.adapters.test_literature_contract" name="test_live_sources_normalize_and_cache_raw_responses[ArxivSource-/api/query-&lt;?xml version=&quot;1.0&quot; encoding=&quot;UTF-8&quot;?&gt;\n&lt;feed xmlns=&quot;http://www.w3.org/2005/Atom&quot;&gt;\n  &lt;entry&gt;\n    &lt;id&gt;https://arxiv.org/abs/2401.00001v2&lt;/id&gt;\n    &lt;title&gt;Auditable Research Agents&lt;/title&gt;\n    &lt;summary&gt;Evidence-backed autonomous research.&lt;/summary&gt;\n    &lt;published&gt;2024-01-02T00:00:00Z&lt;/published&gt;\n    &lt;author&gt;&lt;name&gt;Ada Researcher&lt;/name&gt;&lt;/author&gt;\n    &lt;link rel=&quot;alternate&quot; href=&quot;https://arxiv.org/abs/2401.00001v2&quot; /&gt;\n  &lt;/entry&gt;\n&lt;/feed&gt;-application/atom+xml-arxiv:2401.00001]" time="0.552" /><testcase classname="tests.adapters.test_literature_contract" name="test_live_sources_normalize_and_cache_raw_responses[OpenAlexSource-/works-{&quot;results&quot;: [{&quot;id&quot;: &quot;https://openalex.org/W123&quot;, &quot;display_name&quot;: &quot;Auditable Research Agents&quot;, &quot;publication_year&quot;: 2024, &quot;authorships&quot;: [{&quot;author&quot;: {&quot;display_name&quot;: &quot;Ada Researcher&quot;}}], &quot;abstract_inverted_index&quot;: {&quot;Evidence-backed&quot;: [0], &quot;autonomous&quot;: [1], &quot;research.&quot;: [2]}, &quot;doi&quot;: &quot;https://doi.org/10.1000/example&quot;, &quot;primary_location&quot;: {&quot;landing_page_url&quot;: &quot;https://example.test/paper&quot;, &quot;source&quot;: {&quot;display_name&quot;: &quot;TestConf&quot;}}}]}-application/json-openalex:W123]" time="0.505" /><testcase classname="tests.adapters.test_literature_contract" name="test_live_sources_normalize_and_cache_raw_responses[CrossrefSource-/works-{&quot;message&quot;: {&quot;items&quot;: [{&quot;DOI&quot;: &quot;10.1000/example&quot;, &quot;title&quot;: [&quot;Auditable Research Agents&quot;], &quot;abstract&quot;: &quot;&lt;jats:p&gt;Evidence-backed autonomous research.&lt;/jats:p&gt;&quot;, &quot;author&quot;: [{&quot;given&quot;: &quot;Ada&quot;, &quot;family&quot;: &quot;Researcher&quot;}], &quot;published&quot;: {&quot;date-parts&quot;: [[2024, 1, 2]]}, &quot;URL&quot;: &quot;https://doi.org/10.1000/example&quot;, &quot;container-title&quot;: [&quot;TestConf&quot;]}]}}-application/json-doi:10.1000/example]" time="0.505" /><testcase classname="tests.adapters.test_literature_contract" name="test_retryable_failure_is_bounded_and_reported_as_degraded" time="0.561" /><testcase classname="tests.adapters.test_literature_contract" name="test_malformed_success_response_is_cached_and_marked_degraded" time="0.504" /><testcase classname="tests.adapters.test_literature_contract" name="test_multi_source_collection_preserves_partial_success_and_provenance" time="0.506" /><testcase classname="tests.adapters.test_literature_contract" name="test_literature_source_rejects_nonofficial_network_target" time="0.001" /><testcase classname="tests.test_literature_saturation" name="test_query_plan_records_rounds_and_requires_consecutive_zero_new_results" time="0.001" /><testcase classname="tests.test_literature_saturation" name="test_query_plan_rejects_duplicate_normalized_queries" time="0.000" /><testcase classname="tests.test_literature_saturation" name="test_query_plan_does_not_claim_saturation_from_one_query" time="0.000" /><testcase classname="tests.test_literature_saturation" name="test_query_plan_supports_explicit_marginal_gain_ratio" time="0.000" /><testcase classname="tests.test_literature_config" name="test_literature_live_config_parses_sources_and_network_limits" time="0.001" /><testcase classname="tests.test_literature_config" name="test_literature_config_rejects_unsafe_or_unknown_values[literature0]" time="0.001" /><testcase classname="tests.test_literature_config" name="test_literature_config_rejects_unsafe_or_unknown_values[literature1]" time="0.000" /><testcase classname="tests.test_literature_config" name="test_literature_config_rejects_unsafe_or_unknown_values[literature2]" time="0.000" /><testcase classname="tests.test_literature_config" name="test_literature_config_rejects_unsafe_or_unknown_values[literature3]" time="0.000" /><testcase classname="tests.test_literature_config" name="test_literature_config_rejects_unsafe_or_unknown_values[literature4]" time="0.000" /><testcase classname="tests.test_literature_config" name="test_literature_config_rejects_unsafe_or_unknown_values[literature5]" time="0.000" /><testcase classname="tests.test_literature_config" name="test_literature_config_rejects_unsafe_or_unknown_values[literature6]" time="0.000" /><testcase classname="tests.test_literature_config" name="test_literature_config_rejects_unsafe_or_unknown_values[literature7]" time="0.000" /></testsuite></testsuites>