<?xml version="1.0" encoding="utf-8"?><testsuites name="pytest tests"><testsuite name="pytest" errors="0" failures="0" skipped="0" tests="22" time="5.158" timestamp="2026-06-20T10:31:37.057503+08:00" hostname="1NT.local"><testcase classname="tests.test_hitl_session" name="test_approved_run_resumes_through_every_gate" time="0.344" /><testcase classname="tests.test_hitl_session" name="test_resume_requires_a_decision_for_paused_gate" time="0.061" /><testcase classname="tests.test_hitl_session" name="test_rejection_rolls_back_and_pauses_at_same_gate" time="0.084" /><testcase classname="tests.test_hitl_session" name="test_decision_requires_a_paused_gate" time="0.282" /><testcase classname="tests.test_hitl_session" name="test_resume_rejects_changed_run_config" time="0.090" /><testcase classname="tests.test_hitl_session" name="test_approval_is_actor_bound_and_artifact_bound" time="0.052" /><testcase classname="tests.test_hitl_session" name="test_rejection_preserves_reviewed_artifacts_before_rollback" time="0.051" /><testcase classname="tests.test_hitl_session" name="test_resume_rejects_decision_copied_from_another_run" time="0.048" /><testcase classname="tests.test_recovery" name="test_recover_interrupted_stage_is_idempotent" time="0.418" /><testcase classname="tests.test_recovery" name="test_recover_rejects_completed_run" time="0.239" /><testcase classname="tests.test_recovery" name="test_recover_rejects_changed_config" time="0.297" /><testcase classname="tests.test_recovery" name="test_recover_corrupt_checkpoint_is_actionable" time="0.087" /><testcase classname="tests.test_cancellation" name="test_paused_run_can_be_cancelled_with_audited_reason" time="0.047" /><testcase classname="tests.test_cancellation" name="test_cancellation_requires_actor_and_reason" time="0.085" /><testcase classname="tests.test_memory" name="test_memory_store_is_durable_and_deduplicates_lessons" time="0.002" /><testcase classname="tests.test_memory" name="test_memory_prompt_retrieval_is_topic_matched_and_accepted_only" time="0.001" /><testcase classname="tests.test_memory" name="test_rejected_gate_promotes_human_reason_to_project_memory" time="0.055" /><testcase classname="tests.test_memory" name="test_final_verifier_blockers_are_durable_but_not_prompt_lessons" time="0.242" /><testcase classname="tests.test_plan_verify" name="test_plan_is_side_effect_free_and_reports_gates" time="0.040" /><testcase classname="tests.test_plan_verify" name="test_verify_run_detects_export_tampering" time="0.252" /><testcase classname="tests.test_plan_verify" name="test_cli_plan_and_verify" time="0.284" /><testcase classname="tests.e2e.test_stage_boundary_recovery" name="test_every_stage_boundary_recovers_to_identical_scientific_evidence" time="1.987" /></testsuite></testsuites>