<?xml version="1.0" encoding="utf-8"?><testsuites name="pytest tests"><testsuite name="pytest" errors="0" failures="0" skipped="0" tests="23" time="3.186" timestamp="2026-06-20T10:29:46.282778+08:00" hostname="1NT.local"><testcase classname="tests.test_profile_matrix" name="test_profile_registry_matches_normative_matrix" time="0.018" /><testcase classname="tests.test_profile_matrix" name="test_profile_parser_rejects_unknown_fields" time="0.008" /><testcase classname="tests.test_profile_matrix" name="test_profile_parser_rejects_unknown_depth_requirement" time="0.005" /><testcase classname="tests.test_skill_matrix" name="test_every_profile_has_a_deterministic_project_skill" time="0.034" /><testcase classname="tests.test_venue_registry" name="test_load_venue_contract_is_strict" time="0.002" /><testcase classname="tests.test_venue_registry" name="test_contract_rejects_unknown_fields" time="0.002" /><testcase classname="tests.test_venue_registry" name="test_draft_contract_may_record_unverified_source_candidates" time="0.002" /><testcase classname="tests.test_venue_registry" name="test_verified_contract_requires_source_and_template_hashes" time="0.002" /><testcase classname="tests.test_venue_registry" name="test_verified_contract_requires_resolved_policy" time="0.002" /><testcase classname="tests.test_venue_registry" name="test_non_verified_contract_cannot_target_submission[draft]" time="0.002" /><testcase classname="tests.test_venue_registry" name="test_non_verified_contract_cannot_target_submission[stale]" time="0.002" /><testcase classname="tests.test_venue_registry" name="test_non_verified_contract_cannot_target_submission[retired]" time="0.002" /><testcase classname="tests.test_venue_registry" name="test_registry_resolves_latest_current_verified_contract" time="0.003" /><testcase classname="tests.test_venue_registry" name="test_registry_rejects_incompatible_profile" time="0.002" /><testcase classname="tests.test_venue_registry" name="test_registry_selects_latest_available_draft_without_promoting_it" time="0.002" /><testcase classname="tests.test_venue_registry" name="test_registry_rejects_duplicate_contract_keys" time="0.003" /><testcase classname="tests.test_venue_registry" name="test_default_registry_has_every_normative_venue_with_explicit_status" time="0.023" /><testcase classname="tests.test_venue_material_audit" name="test_verified_materials_with_matching_manifest_pass" time="0.003" /><testcase classname="tests.test_venue_material_audit" name="test_draft_contract_blocks_both_source_and_template" time="0.003" /><testcase classname="tests.test_venue_material_audit" name="test_tampered_source_and_template_are_rejected" time="0.004" /><testcase classname="tests.test_venue_material_audit" name="test_template_manifest_cannot_escape_repository" time="0.003" /><testcase classname="tests.e2e.test_profile_venue_matrix" name="test_every_declared_profile_venue_pair_matches_contract_capability" time="0.965" /><testcase classname="tests.e2e.test_profile_venue_matrix" name="test_every_undeclared_profile_venue_pair_fails_closed" time="2.016" /></testsuite></testsuites>