<?xml version="1.0" encoding="utf-8"?><testsuites name="pytest tests"><testsuite name="pytest" errors="0" failures="0" skipped="0" tests="13" time="0.225" timestamp="2026-06-20T15:46:38.271386+08:00" hostname="1NT.local"><testcase classname="tests.paper.test_readiness_matrix" name="test_every_compatible_profile_venue_pair_requires_composed_readiness" time="0.025" /><testcase classname="tests.paper.test_readiness_matrix" name="test_global_domain_and_venue_failures_each_block_submission[False-True-True-citation_integrity]" time="0.024" /><testcase classname="tests.paper.test_readiness_matrix" name="test_global_domain_and_venue_failures_each_block_submission[True-False-True-domain_protocol_valid]" time="0.029" /><testcase classname="tests.paper.test_readiness_matrix" name="test_global_domain_and_venue_failures_each_block_submission[True-True-False-venue_export_valid]" time="0.018" /><testcase classname="tests.paper.test_venue_export" name="test_verified_materialized_bundle_with_required_sections_passes" time="0.000" /><testcase classname="tests.paper.test_venue_export" name="test_draft_or_unmaterialized_contract_fails_closed" time="0.000" /><testcase classname="tests.paper.test_venue_export" name="test_double_blind_bundle_rejects_author_identity" time="0.000" /><testcase classname="tests.paper.test_venue_export" name="test_exact_required_section_title_is_enforced" time="0.000" /><testcase classname="tests.test_quality_gate" name="test_quality_gate_blocks_scaffold_paper_even_when_artifacts_verify" time="0.005" /><testcase classname="tests.test_quality_gate" name="test_quality_gate_can_pass_strong_artifact_profile" time="0.004" /><testcase classname="tests.test_quality_gate" name="test_evidence_complete_does_not_require_venue_export" time="0.005" /><testcase classname="tests.test_experiment_evidence" name="test_observed_evidence_requires_metrics_in_real_outputs" time="0.004" /><testcase classname="tests.test_experiment_evidence" name="test_declared_but_missing_output_evidence_does_not_count" time="0.001" /></testsuite></testsuites>