<?xml version="1.0" encoding="utf-8"?><testsuites name="pytest tests"><testsuite name="pytest" errors="0" failures="0" skipped="0" tests="43" time="7.496" timestamp="2026-06-20T10:29:49.742377+08:00" hostname="1NT.local"><testcase classname="tests.adapters.test_llm_contract" name="test_provider_returns_structured_response_and_audit_record" time="0.504" /><testcase classname="tests.adapters.test_llm_contract" name="test_provider_repairs_one_malformed_structured_response" time="0.504" /><testcase classname="tests.adapters.test_llm_contract" name="test_provider_retries_retryable_http_status" time="0.514" /><testcase classname="tests.adapters.test_llm_contract" name="test_provider_enforces_request_budget_before_network_call" time="0.504" /><testcase classname="tests.adapters.test_llm_contract" name="test_provider_rejects_non_allowlisted_or_credential_bearing_url" time="0.001" /><testcase classname="tests.adapters.test_llm_contract" name="test_unauthenticated_provider_is_allowed_only_on_loopback" time="0.505" /><testcase classname="tests.adapters.test_literature_contract" name="test_live_sources_normalize_and_cache_raw_responses[ArxivSource-/api/query-&lt;?xml version=&quot;1.0&quot; encoding=&quot;UTF-8&quot;?&gt;\n&lt;feed xmlns=&quot;http://www.w3.org/2005/Atom&quot;&gt;\n  &lt;entry&gt;\n    &lt;id&gt;https://arxiv.org/abs/2401.00001v2&lt;/id&gt;\n    &lt;title&gt;Auditable Research Agents&lt;/title&gt;\n    &lt;summary&gt;Evidence-backed autonomous research.&lt;/summary&gt;\n    &lt;published&gt;2024-01-02T00:00:00Z&lt;/published&gt;\n    &lt;author&gt;&lt;name&gt;Ada Researcher&lt;/name&gt;&lt;/author&gt;\n    &lt;link rel=&quot;alternate&quot; href=&quot;https://arxiv.org/abs/2401.00001v2&quot; /&gt;\n  &lt;/entry&gt;\n&lt;/feed&gt;-application/atom+xml-arxiv:2401.00001]" time="0.505" /><testcase classname="tests.adapters.test_literature_contract" name="test_live_sources_normalize_and_cache_raw_responses[OpenAlexSource-/works-{&quot;results&quot;: [{&quot;id&quot;: &quot;https://openalex.org/W123&quot;, &quot;display_name&quot;: &quot;Auditable Research Agents&quot;, &quot;publication_year&quot;: 2024, &quot;authorships&quot;: [{&quot;author&quot;: {&quot;display_name&quot;: &quot;Ada Researcher&quot;}}], &quot;abstract_inverted_index&quot;: {&quot;Evidence-backed&quot;: [0], &quot;autonomous&quot;: [1], &quot;research.&quot;: [2]}, &quot;doi&quot;: &quot;https://doi.org/10.1000/example&quot;, &quot;primary_location&quot;: {&quot;landing_page_url&quot;: &quot;https://example.test/paper&quot;, &quot;source&quot;: {&quot;display_name&quot;: &quot;TestConf&quot;}}}]}-application/json-openalex:W123]" time="0.506" /><testcase classname="tests.adapters.test_literature_contract" name="test_live_sources_normalize_and_cache_raw_responses[CrossrefSource-/works-{&quot;message&quot;: {&quot;items&quot;: [{&quot;DOI&quot;: &quot;10.1000/example&quot;, &quot;title&quot;: [&quot;Auditable Research Agents&quot;], &quot;abstract&quot;: &quot;&lt;jats:p&gt;Evidence-backed autonomous research.&lt;/jats:p&gt;&quot;, &quot;author&quot;: [{&quot;given&quot;: &quot;Ada&quot;, &quot;family&quot;: &quot;Researcher&quot;}], &quot;published&quot;: {&quot;date-parts&quot;: [[2024, 1, 2]]}, &quot;URL&quot;: &quot;https://doi.org/10.1000/example&quot;, &quot;container-title&quot;: [&quot;TestConf&quot;]}]}}-application/json-doi:10.1000/example]" time="0.505" /><testcase classname="tests.adapters.test_literature_contract" name="test_retryable_failure_is_bounded_and_reported_as_degraded" time="0.557" /><testcase classname="tests.adapters.test_literature_contract" name="test_malformed_success_response_is_cached_and_marked_degraded" time="0.504" /><testcase classname="tests.adapters.test_literature_contract" name="test_multi_source_collection_preserves_partial_success_and_provenance" time="0.506" /><testcase classname="tests.adapters.test_literature_contract" name="test_literature_source_rejects_nonofficial_network_target" time="0.002" /><testcase classname="tests.test_live_reasoning" name="test_live_provider_drives_hypothesis_stage" time="0.556" /><testcase classname="tests.test_live_reasoning" name="test_live_mode_fails_before_run_when_credential_is_missing" time="0.003" /><testcase classname="tests.test_prompt_manager" name="test_prompt_composition_has_deterministic_policy_precedence" time="0.000" /><testcase classname="tests.test_local_sandbox" name="test_local_backend_runs_fixture_experiment" time="0.038" /><testcase classname="tests.test_local_sandbox" name="test_local_backend_reports_invalid_script" time="0.002" /><testcase classname="tests.test_local_sandbox" name="test_local_validator_rejects_dynamic_import_and_code_execution" time="0.006" /><testcase classname="tests.test_local_sandbox" name="test_local_backend_handles_relative_workspace" time="0.037" /><testcase classname="tests.test_local_sandbox" name="test_local_backend_rejects_evaluator_mutation" time="0.038" /><testcase classname="tests.test_local_sandbox" name="test_local_backend_records_timeout_without_losing_outputs" time="1.006" /><testcase classname="tests.test_local_sandbox" name="test_real_workspace_copies_operator_experiment_source" time="0.004" /><testcase classname="tests.test_local_sandbox" name="test_local_backend_uses_explicit_import_allowlist" time="0.044" /><testcase classname="tests.test_artifact_budget" name="test_artifact_budget_overrun_pauses_before_next_stage" time="0.038" /><testcase classname="tests.test_checkpoint" name="test_write_and_read_checkpoint" time="0.001" /><testcase classname="tests.test_checkpoint" name="test_corrupt_checkpoint_returns_failure_payload" time="0.001" /><testcase classname="tests.test_config" name="test_load_config_resolves_defaults" time="0.001" /><testcase classname="tests.test_config" name="test_load_config_rejects_missing_project_name" time="0.001" /><testcase classname="tests.test_config" name="test_load_config_rejects_invalid_experiment_mode" time="0.001" /><testcase classname="tests.test_config" name="test_config_rejects_unknown_experiment_evidence_mode" time="0.000" /><testcase classname="tests.test_config" name="test_runner_rejects_unimplemented_or_untrusted_local_execution" time="0.001" /><testcase classname="tests.test_config" name="test_runner_requires_real_experiment_workspace" time="0.001" /><testcase classname="tests.test_config" name="test_config_accepts_explicit_experiment_import_allowlist" time="0.000" /><testcase classname="tests.test_config" name="test_config_rejects_unknown_code_trust" time="0.000" /><testcase classname="tests.test_config" name="test_live_local_llm_can_use_none_auth_but_remote_cannot" time="0.000" /><testcase classname="tests.test_config" name="test_write_example_config_does_not_embed_secret" time="0.001" /><testcase classname="tests.test_config" name="test_config_accepts_domain_protocol_mapping" time="0.000" /><testcase classname="tests.test_config" name="test_config_rejects_invalid_or_execution_overriding_protocol[protocol0]" time="0.000" /><testcase classname="tests.test_config" name="test_config_rejects_invalid_or_execution_overriding_protocol[bad]" time="0.000" /><testcase classname="tests.test_config" name="test_config_rejects_invalid_or_execution_overriding_protocol[protocol2]" time="0.000" /><testcase classname="tests.test_config" name="test_config_rejects_invalid_or_execution_overriding_protocol[protocol3]" time="0.000" /><testcase classname="tests.test_completion_audit" name="test_attestation_rejects_unknown_fields_and_repository_escape" time="0.001" /></testsuite></testsuites>